[debug] [2025-03-19T22:33:03.138Z] ----------------------------------------------------------------------
[debug] [2025-03-19T22:33:03.141Z] Command:       /usr/local/bin/firebase /home/gabriela/.cache/firebase/tools/lib/node_modules/firebase-tools/lib/bin/firebase init
[debug] [2025-03-19T22:33:03.141Z] CLI Version:   13.34.0
[debug] [2025-03-19T22:33:03.141Z] Platform:      linux
[debug] [2025-03-19T22:33:03.141Z] Node Version:  v18.5.0
[debug] [2025-03-19T22:33:03.142Z] Time:          Wed Mar 19 2025 19:33:03 GMT-0300 (GMT-03:00)
[debug] [2025-03-19T22:33:03.142Z] ----------------------------------------------------------------------
[debug] 
[debug] [2025-03-19T22:33:03.148Z] > command requires scopes: ["email","openid","https://www.googleapis.com/auth/cloudplatformprojects.readonly","https://www.googleapis.com/auth/firebase","https://www.googleapis.com/auth/cloud-platform"]
[debug] [2025-03-19T22:33:03.149Z] > authorizing via signed-in user (gabrielavmm85@gmail.com)
[info] 
     ######## #### ########  ######## ########     ###     ######  ########
     ##        ##  ##     ## ##       ##     ##  ##   ##  ##       ##
     ######    ##  ########  ######   ########  #########  ######  ######
     ##        ##  ##    ##  ##       ##     ## ##     ##       ## ##
     ##       #### ##     ## ######## ########  ##     ##  ######  ########

You're about to initialize a Firebase project in this directory:

  /home/gabriela/databake

[info] 
=== Project Setup
[info] 
[info] First, let's associate this project directory with a Firebase project.
[info] You can create multiple project aliases by running firebase use --add, 
[info] but for now we'll just set up a default project.
[info] 
[debug] [2025-03-19T22:34:23.929Z] Checked if tokens are valid: false, expires at: 1742422047112
[debug] [2025-03-19T22:34:23.929Z] Checked if tokens are valid: false, expires at: 1742422047112
[debug] [2025-03-19T22:34:23.931Z] > refreshing access token with scopes: []
[debug] [2025-03-19T22:34:23.937Z] >>> [apiv2][query] POST https://www.googleapis.com/oauth2/v3/token [none]
[debug] [2025-03-19T22:34:23.938Z] >>> [apiv2][body] POST https://www.googleapis.com/oauth2/v3/token [omitted]
[debug] [2025-03-19T22:34:24.304Z] <<< [apiv2][status] POST https://www.googleapis.com/oauth2/v3/token 200
[debug] [2025-03-19T22:34:24.304Z] <<< [apiv2][body] POST https://www.googleapis.com/oauth2/v3/token [omitted]
[debug] [2025-03-19T22:34:24.319Z] >>> [apiv2][query] GET https://firebase.googleapis.com/v1beta1/projects pageSize=100
[debug] [2025-03-19T22:34:25.209Z] <<< [apiv2][status] GET https://firebase.googleapis.com/v1beta1/projects 200
[debug] [2025-03-19T22:34:25.209Z] <<< [apiv2][body] GET https://firebase.googleapis.com/v1beta1/projects [omitted]
[info] i  Using project databake-f49f1 (DataBake) 
[info] 
=== Firestore Setup
[debug] [2025-03-19T22:34:27.310Z] Checked if tokens are valid: true, expires at: 1742427263304
[debug] [2025-03-19T22:34:27.310Z] Checked if tokens are valid: true, expires at: 1742427263304
[debug] [2025-03-19T22:34:27.310Z] >>> [apiv2][query] GET https://serviceusage.googleapis.com/v1/projects/databake-f49f1/services/firestore.googleapis.com [none]
[debug] [2025-03-19T22:34:27.310Z] >>> [apiv2][(partial)header] GET https://serviceusage.googleapis.com/v1/projects/databake-f49f1/services/firestore.googleapis.com x-goog-quota-user=projects/databake-f49f1
[debug] [2025-03-19T22:34:28.887Z] <<< [apiv2][status] GET https://serviceusage.googleapis.com/v1/projects/databake-f49f1/services/firestore.googleapis.com 200
[debug] [2025-03-19T22:34:28.887Z] <<< [apiv2][body] GET https://serviceusage.googleapis.com/v1/projects/databake-f49f1/services/firestore.googleapis.com [omitted]
[debug] [2025-03-19T22:34:28.888Z] Checked if tokens are valid: true, expires at: 1742427263304
[debug] [2025-03-19T22:34:28.888Z] Checked if tokens are valid: true, expires at: 1742427263304
[debug] [2025-03-19T22:34:28.888Z] >>> [apiv2][query] GET https://firestore.googleapis.com/v1/projects/databake-f49f1/databases/(default) [none]
[debug] [2025-03-19T22:34:29.199Z] <<< [apiv2][status] GET https://firestore.googleapis.com/v1/projects/databake-f49f1/databases/(default) 200
[debug] [2025-03-19T22:34:29.200Z] <<< [apiv2][body] GET https://firestore.googleapis.com/v1/projects/databake-f49f1/databases/(default) {"name":"projects/databake-f49f1/databases/(default)","uid":"188eb6e6-d5e9-4211-9cb3-af16e0a56509","createTime":"2025-03-19T20:59:02.904780Z","updateTime":"2025-03-19T20:59:02.904780Z","locationId":"southamerica-east1","type":"FIRESTORE_NATIVE","concurrencyMode":"PESSIMISTIC","versionRetentionPeriod":"3600s","earliestVersionTime":"2025-03-19T21:34:29.295730Z","appEngineIntegrationMode":"DISABLED","keyPrefix":"i","pointInTimeRecoveryEnablement":"POINT_IN_TIME_RECOVERY_DISABLED","deleteProtectionState":"DELETE_PROTECTION_DISABLED","databaseEdition":"STANDARD","freeTier":true,"etag":"IJmQ7f6Zl4wDMMz/pdSEl4wD"}
[debug] [2025-03-19T22:34:29.200Z] database_type: FIRESTORE_NATIVE
[debug] [2025-03-19T22:34:29.200Z] database_type: FIRESTORE_NATIVE
[debug] [2025-03-19T22:34:29.201Z] > command requires scopes: ["email","openid","https://www.googleapis.com/auth/cloudplatformprojects.readonly","https://www.googleapis.com/auth/firebase","https://www.googleapis.com/auth/cloud-platform"]
[debug] [2025-03-19T22:34:29.201Z] > authorizing via signed-in user (gabrielavmm85@gmail.com)
[debug] [2025-03-19T22:34:29.202Z] [iam] checking project databake-f49f1 for permissions ["firebase.projects.get"]
[debug] [2025-03-19T22:34:29.203Z] Checked if tokens are valid: true, expires at: 1742427263304
[debug] [2025-03-19T22:34:29.203Z] Checked if tokens are valid: true, expires at: 1742427263304
[debug] [2025-03-19T22:34:29.203Z] >>> [apiv2][query] POST https://cloudresourcemanager.googleapis.com/v1/projects/databake-f49f1:testIamPermissions [none]
[debug] [2025-03-19T22:34:29.204Z] >>> [apiv2][(partial)header] POST https://cloudresourcemanager.googleapis.com/v1/projects/databake-f49f1:testIamPermissions x-goog-quota-user=projects/databake-f49f1
[debug] [2025-03-19T22:34:29.204Z] >>> [apiv2][body] POST https://cloudresourcemanager.googleapis.com/v1/projects/databake-f49f1:testIamPermissions {"permissions":["firebase.projects.get"]}
[debug] [2025-03-19T22:34:30.829Z] <<< [apiv2][status] POST https://cloudresourcemanager.googleapis.com/v1/projects/databake-f49f1:testIamPermissions 200
[debug] [2025-03-19T22:34:30.830Z] <<< [apiv2][body] POST https://cloudresourcemanager.googleapis.com/v1/projects/databake-f49f1:testIamPermissions {"permissions":["firebase.projects.get"]}
[info] 
[info] Firestore Security Rules allow you to define how and when to allow
[info] requests. You can keep these rules in your project directory
[info] and publish them with firebase deploy.
[info] 
[debug] [2025-03-19T22:35:16.885Z] Checked if tokens are valid: true, expires at: 1742427263304
[debug] [2025-03-19T22:35:16.885Z] Checked if tokens are valid: true, expires at: 1742427263304
[debug] [2025-03-19T22:35:16.885Z] >>> [apiv2][query] GET https://firebaserules.googleapis.com/v1/projects/databake-f49f1/releases pageSize=10&pageToken=
[debug] [2025-03-19T22:35:18.422Z] <<< [apiv2][status] GET https://firebaserules.googleapis.com/v1/projects/databake-f49f1/releases 200
[debug] [2025-03-19T22:35:18.422Z] <<< [apiv2][body] GET https://firebaserules.googleapis.com/v1/projects/databake-f49f1/releases {"releases":[{"name":"projects/databake-f49f1/releases/cloud.firestore","rulesetName":"projects/databake-f49f1/rulesets/68100bd2-2509-4e36-94c7-6eb8c6b0fea7","createTime":"2025-03-19T20:59:11.427547Z","updateTime":"2025-03-19T20:59:11.427547Z"}]}
[debug] [2025-03-19T22:35:18.422Z] Found ruleset: projects/databake-f49f1/rulesets/68100bd2-2509-4e36-94c7-6eb8c6b0fea7
[debug] [2025-03-19T22:35:18.422Z] Checked if tokens are valid: true, expires at: 1742427263304
[debug] [2025-03-19T22:35:18.423Z] Checked if tokens are valid: true, expires at: 1742427263304
[debug] [2025-03-19T22:35:18.423Z] >>> [apiv2][query] GET https://firebaserules.googleapis.com/v1/projects/databake-f49f1/rulesets/68100bd2-2509-4e36-94c7-6eb8c6b0fea7 [none]
[debug] [2025-03-19T22:35:19.505Z] <<< [apiv2][status] GET https://firebaserules.googleapis.com/v1/projects/databake-f49f1/rulesets/68100bd2-2509-4e36-94c7-6eb8c6b0fea7 200
[debug] [2025-03-19T22:35:19.505Z] <<< [apiv2][body] GET https://firebaserules.googleapis.com/v1/projects/databake-f49f1/rulesets/68100bd2-2509-4e36-94c7-6eb8c6b0fea7 [omitted]
[info] 
[info] Firestore indexes allow you to perform complex queries while
[info] maintaining performance that scales with the size of the result
[info] set. You can keep index definitions in your project directory
[info] and publish them with firebase deploy.
[info] 
[debug] [2025-03-19T22:35:30.206Z] Checked if tokens are valid: true, expires at: 1742427263304
[debug] [2025-03-19T22:35:30.208Z] Checked if tokens are valid: true, expires at: 1742427263304
[debug] [2025-03-19T22:35:30.208Z] Checked if tokens are valid: true, expires at: 1742427263304
[debug] [2025-03-19T22:35:30.208Z] Checked if tokens are valid: true, expires at: 1742427263304
[debug] [2025-03-19T22:35:30.209Z] >>> [apiv2][query] GET https://firestore.googleapis.com/v1/projects/databake-f49f1/databases/(default)/collectionGroups/-/indexes [none]
[debug] [2025-03-19T22:35:30.211Z] >>> [apiv2][query] GET https://firestore.googleapis.com/v1/projects/databake-f49f1/databases/(default)/collectionGroups/-/fields?filter=indexConfig.usesAncestorConfig=false OR ttlConfig:* [none]
[debug] [2025-03-19T22:35:30.810Z] <<< [apiv2][status] GET https://firestore.googleapis.com/v1/projects/databake-f49f1/databases/(default)/collectionGroups/-/indexes 200
[debug] [2025-03-19T22:35:30.810Z] <<< [apiv2][body] GET https://firestore.googleapis.com/v1/projects/databake-f49f1/databases/(default)/collectionGroups/-/indexes {}
[debug] [2025-03-19T22:35:30.811Z] <<< [apiv2][status] GET https://firestore.googleapis.com/v1/projects/databake-f49f1/databases/(default)/collectionGroups/-/fields?filter=indexConfig.usesAncestorConfig=false OR ttlConfig:* 200
[debug] [2025-03-19T22:35:30.811Z] <<< [apiv2][body] GET https://firestore.googleapis.com/v1/projects/databake-f49f1/databases/(default)/collectionGroups/-/fields?filter=indexConfig.usesAncestorConfig=false OR ttlConfig:* {"fields":[{"name":"projects/databake-f49f1/databases/(default)/collectionGroups/__default__/fields/*","indexConfig":{"indexes":[{"queryScope":"COLLECTION","fields":[{"fieldPath":"*","order":"ASCENDING"}],"state":"READY"},{"queryScope":"COLLECTION","fields":[{"fieldPath":"*","order":"DESCENDING"}],"state":"READY"},{"queryScope":"COLLECTION","fields":[{"fieldPath":"*","arrayConfig":"CONTAINS"}],"state":"READY"}]}}]}
[info] 
=== Hosting Setup
[debug] [2025-03-19T22:35:30.813Z] Checked if tokens are valid: true, expires at: 1742427263304
[debug] [2025-03-19T22:35:30.813Z] Checked if tokens are valid: true, expires at: 1742427263304
[debug] [2025-03-19T22:35:30.813Z] >>> [apiv2][query] GET https://firebase.googleapis.com/v1beta1/projects/databake-f49f1 [none]
[debug] [2025-03-19T22:35:31.333Z] <<< [apiv2][status] GET https://firebase.googleapis.com/v1beta1/projects/databake-f49f1 200
[debug] [2025-03-19T22:35:31.334Z] <<< [apiv2][body] GET https://firebase.googleapis.com/v1beta1/projects/databake-f49f1 {"projectId":"databake-f49f1","projectNumber":"441330264623","displayName":"DataBake","name":"projects/databake-f49f1","resources":{"hostingSite":"databake-f49f1"},"state":"ACTIVE","etag":"1_d1f7cafe-1adf-456b-bebc-248fd73c9aa6"}
[info] 
[info] Your public directory is the folder (relative to your project directory) that
[info] will contain Hosting assets to be uploaded with firebase deploy. If you
[info] have a build process for your assets, use your build's output directory.
[info] 
[debug] [2025-03-19T22:36:47.943Z] >>> [apiv2][query] GET https://www.gstatic.com/firebasejs/releases.json [none]
[debug] [2025-03-19T22:36:48.207Z] <<< [apiv2][status] GET https://www.gstatic.com/firebasejs/releases.json 200
[debug] [2025-03-19T22:36:48.207Z] <<< [apiv2][body] GET https://www.gstatic.com/firebasejs/releases.json {"current":{"version":"11.4.0","browserURL":"https://www.gstatic.com/firebasejs/11.4.0/firebase.js","packageURL":"https://www.gstatic.com/firebasejs/11.4.0/firebase.tgz"},"live":{"version":"11.4","browserURL":"https://www.gstatic.com/firebasejs/live/11.4/firebase.js","packageURL":"https://www.gstatic.com/firebasejs/live/11.4/firebase.tgz"},"components":{"analytics":"https://www.gstatic.com/firebasejs/11.4.0/firebase-analytics.js","app":"https://www.gstatic.com/firebasejs/11.4.0/firebase-app.js","app-check":"https://www.gstatic.com/firebasejs/11.4.0/firebase-app-check.js","auth":"https://www.gstatic.com/firebasejs/11.4.0/firebase-auth.js","auth/cordova":"https://www.gstatic.com/firebasejs/11.4.0/firebase-auth/cordova.js","auth/web-extension":"https://www.gstatic.com/firebasejs/11.4.0/firebase-auth/web-extension.js","functions":"https://www.gstatic.com/firebasejs/11.4.0/firebase-functions.js","firestore":"https://www.gstatic.com/firebasejs/11.4.0/firebase-firestore.js","firestore/lite":"https://www.gstatic.com/firebasejs/11.4.0/firebase-firestore/lite.js","installations":"https://www.gstatic.com/firebasejs/11.4.0/firebase-installations.js","storage":"https://www.gstatic.com/firebasejs/11.4.0/firebase-storage.js","performance":"https://www.gstatic.com/firebasejs/11.4.0/firebase-performance.js","remote-config":"https://www.gstatic.com/firebasejs/11.4.0/firebase-remote-config.js","messaging":"https://www.gstatic.com/firebasejs/11.4.0/firebase-messaging.js","messaging/sw":"https://www.gstatic.com/firebasejs/11.4.0/firebase-messaging/sw.js","database":"https://www.gstatic.com/firebasejs/11.4.0/firebase-database.js","vertexai":"https://www.gstatic.com/firebasejs/11.4.0/firebase-vertexai.js","data-connect":"https://www.gstatic.com/firebasejs/11.4.0/firebase-data-connect.js","firestore.memory":"https://www.gstatic.com/firebasejs/11.4.0/firebase-firestore.memory.js"}}
[info] ✔  Wrote build/index.html 
[info] 
[info] i  Detected a .git folder at /home/gabriela/databake 
[info] i  Authorizing with GitHub to upload your service account to a GitHub repository's secrets store. 
[info] 
[info] Visit this URL on this device to log in:
[info] https://github.com/login/oauth/authorize?client_id=89cf50f02ac6aaed3484&state=558634309&redirect_uri=http%3A%2F%2Flocalhost%3A9005&scope=read%3Auser%20repo%20public_repo
[info] 
[info] Waiting for authentication...
[debug] [2025-03-19T22:36:48.932Z] >>> [apiv2][query] POST https://github.com/login/oauth/access_token [none]
[debug] [2025-03-19T22:36:48.933Z] >>> [apiv2][body] POST https://github.com/login/oauth/access_token [stream]
[debug] [2025-03-19T22:36:49.445Z] <<< [apiv2][status] POST https://github.com/login/oauth/access_token 200
[debug] [2025-03-19T22:36:49.446Z] <<< [apiv2][body] POST https://github.com/login/oauth/access_token {"access_token":"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","token_type":"bearer","scope":"read:user,repo"}
[debug] [2025-03-19T22:36:49.452Z] >>> [apiv2][query] GET https://api.github.com/user [none]
[debug] [2025-03-19T22:36:49.864Z] <<< [apiv2][status] GET https://api.github.com/user 200
[debug] [2025-03-19T22:36:49.864Z] <<< [apiv2][body] GET https://api.github.com/user {"login":"Gabrielavmm","id":129177181,"node_id":"U_kgDOB7MWXQ","avatar_url":"https://avatars.githubusercontent.com/u/129177181?v=4","gravatar_id":"","url":"https://api.github.com/users/Gabrielavmm","html_url":"https://github.com/Gabrielavmm","followers_url":"https://api.github.com/users/Gabrielavmm/followers","following_url":"https://api.github.com/users/Gabrielavmm/following{/other_user}","gists_url":"https://api.github.com/users/Gabrielavmm/gists{/gist_id}","starred_url":"https://api.github.com/users/Gabrielavmm/starred{/owner}{/repo}","subscriptions_url":"https://api.github.com/users/Gabrielavmm/subscriptions","organizations_url":"https://api.github.com/users/Gabrielavmm/orgs","repos_url":"https://api.github.com/users/Gabrielavmm/repos","events_url":"https://api.github.com/users/Gabrielavmm/events{/privacy}","received_events_url":"https://api.github.com/users/Gabrielavmm/received_events","type":"User","user_view_type":"private","site_admin":false,"name":"Gabriela Mendes","company":null,"blog":"","location":"Brasil","email":null,"hireable":null,"bio":null,"twitter_username":null,"notification_email":null,"public_repos":3,"public_gists":0,"followers":2,"following":2,"created_at":"2023-03-28T11:45:23Z","updated_at":"2025-03-17T23:11:46Z","private_gists":0,"total_private_repos":2,"owned_private_repos":2,"disk_usage":7,"collaborators":0,"two_factor_authentication":false,"plan":{"name":"free","space":976562499,"collaborators":0,"private_repos":10000}}
[info] 
[info] ✔  Success! Logged into GitHub as Gabrielavmm 
[info] 
[debug] [2025-03-19T22:37:41.525Z] >>> [apiv2][query] GET https://api.github.com/repos//actions/secrets/public-key type=owner
[debug] [2025-03-19T22:37:41.942Z] <<< [apiv2][status] GET https://api.github.com/repos//actions/secrets/public-key 404
[debug] [2025-03-19T22:37:41.942Z] <<< [apiv2][body] GET https://api.github.com/repos//actions/secrets/public-key {"message":"Not Found","documentation_url":"https://docs.github.com/rest","status":"404"}
[info] 
[info] 
[error] ⚠  The provided authorization cannot be used with this repository. If this repository is in an organization, did you remember to grant access? 
[info] 
[info] i  Action required: Visit this URL to ensure access has been granted to the appropriate organization(s) for the Firebase CLI GitHub OAuth App: 
[info] https://github.com/settings/connections/applications/89cf50f02ac6aaed3484
[info] 
[debug] [2025-03-19T22:37:49.335Z] >>> [apiv2][query] GET https://api.github.com/repos//actions/secrets/public-key type=owner
[debug] [2025-03-19T22:37:49.866Z] <<< [apiv2][status] GET https://api.github.com/repos//actions/secrets/public-key 404
[debug] [2025-03-19T22:37:49.867Z] <<< [apiv2][body] GET https://api.github.com/repos//actions/secrets/public-key {"message":"Not Found","documentation_url":"https://docs.github.com/rest","status":"404"}
[info] 
[info] 
[error] ⚠  The provided authorization cannot be used with this repository. If this repository is in an organization, did you remember to grant access? 
[info] 
[info] i  Action required: Visit this URL to ensure access has been granted to the appropriate organization(s) for the Firebase CLI GitHub OAuth App: 
[info] https://github.com/settings/connections/applications/89cf50f02ac6aaed3484
[info] 
[debug] [2025-03-19T22:40:03.664Z] >>> [apiv2][query] GET https://api.github.com/repos//actions/secrets/public-key type=owner
[debug] [2025-03-19T22:40:03.951Z] >>> [apiv2][query] GET https://api.github.com/repos//actions/secrets/public-key type=owner
[debug] [2025-03-19T22:40:04.032Z] <<< [apiv2][status] GET https://api.github.com/repos//actions/secrets/public-key 404
[debug] [2025-03-19T22:40:04.032Z] <<< [apiv2][body] GET https://api.github.com/repos//actions/secrets/public-key {"message":"Not Found","documentation_url":"https://docs.github.com/rest","status":"404"}
[info] 
[info] 
[error] ⚠  The provided authorization cannot be used with this repository. If this repository is in an organization, did you remember to grant access? 
[info] 
[info] i  Action required: Visit this URL to ensure access has been granted to the appropriate organization(s) for the Firebase CLI GitHub OAuth App: 
[info] https://github.com/settings/connections/applications/89cf50f02ac6aaed3484
[info] 
[debug] [2025-03-19T22:40:04.107Z] >>> [apiv2][query] GET https://api.github.com/repos//actions/secrets/public-key type=owner
[debug] [2025-03-19T22:40:04.320Z] <<< [apiv2][status] GET https://api.github.com/repos//actions/secrets/public-key 404
[debug] [2025-03-19T22:40:04.320Z] <<< [apiv2][body] GET https://api.github.com/repos//actions/secrets/public-key {"message":"Not Found","documentation_url":"https://docs.github.com/rest","status":"404"}
[info] 
[info] 
[error] ⚠  The provided authorization cannot be used with this repository. If this repository is in an organization, did you remember to grant access? 
[info] 
[info] i  Action required: Visit this URL to ensure access has been granted to the appropriate organization(s) for the Firebase CLI GitHub OAuth App: 
[info] https://github.com/settings/connections/applications/89cf50f02ac6aaed3484
[info] 
[debug] [2025-03-19T22:40:04.478Z] <<< [apiv2][status] GET https://api.github.com/repos//actions/secrets/public-key 404
[debug] [2025-03-19T22:40:04.478Z] <<< [apiv2][body] GET https://api.github.com/repos//actions/secrets/public-key {"message":"Not Found","documentation_url":"https://docs.github.com/rest","status":"404"}
[info] 
[info] 
[error] ⚠  The provided authorization cannot be used with this repository. If this repository is in an organization, did you remember to grant access? 
[info] 
[info] i  Action required: Visit this URL to ensure access has been granted to the appropriate organization(s) for the Firebase CLI GitHub OAuth App: 
[info] https://github.com/settings/connections/applications/89cf50f02ac6aaed3484
[info] 
[debug] [2025-03-19T22:40:06.856Z] Error: setRawMode EIO
    at ReadStream.setRawMode (node:tty:77:31)
    at [_setRawMode] [as _setRawMode] (node:internal/readline/interface:383:18)
    at Interface.close (node:internal/readline/interface:533:24)
    at ReadStream.ontermend (node:internal/readline/interface:269:10)
    at ReadStream.emit (node:events:549:35)
    at ReadStream.emit (node:domain:482:12)
    at endReadableNT (node:internal/streams/readable:1359:12)
    at process.processTicksAndRejections (node:internal/process/task_queues:82:21)
[error] 
[error] Error: An unexpected error has occurred.
[debug] [2025-03-19T22:40:06.858Z] Error: write EIO
    at afterWriteDispatched (node:internal/stream_base_commons:160:15)
    at writeGeneric (node:internal/stream_base_commons:151:3)
    at Socket._writeGeneric (node:net:863:11)
    at Socket._write (node:net:875:8)
    at writeOrBuffer (node:internal/streams/writable:392:12)
    at _write (node:internal/streams/writable:333:10)
    at Writable.write (node:internal/streams/writable:337:10)
    at Console.log (/home/gabriela/.cache/firebase/tools/lib/node_modules/winston/lib/winston/transports/console.js:87:23)
    at Console._write (/home/gabriela/.cache/firebase/tools/lib/node_modules/winston-transport/modern.js:103:17)
    at doWrite (/home/gabriela/.cache/firebase/tools/lib/node_modules/winston-transport/node_modules/readable-stream/lib/_stream_writable.js:390:139)
[error] 
[error] Error: An unexpected error has occurred.
[debug] [2025-03-19T22:40:06.859Z] Error: write EIO
    at afterWriteDispatched (node:internal/stream_base_commons:160:15)
    at writeGeneric (node:internal/stream_base_commons:151:3)
    at Socket._writeGeneric (node:net:863:11)
    at Socket._write (node:net:875:8)
    at writeOrBuffer (node:internal/streams/writable:392:12)
    at _write (node:internal/streams/writable:333:10)
    at Writable.write (node:internal/streams/writable:337:10)
    at Console.log (/home/gabriela/.cache/firebase/tools/lib/node_modules/winston/lib/winston/transports/console.js:87:23)
    at Console._write (/home/gabriela/.cache/firebase/tools/lib/node_modules/winston-transport/modern.js:103:17)
    at doWrite (/home/gabriela/.cache/firebase/tools/lib/node_modules/winston-transport/node_modules/readable-stream/lib/_stream_writable.js:390:139)
[error] 
[error] Error: An unexpected error has occurred.
[debug] [2025-03-19T22:40:06.860Z] Error: write EIO
    at afterWriteDispatched (node:internal/stream_base_commons:160:15)
    at writeGeneric (node:internal/stream_base_commons:151:3)
    at Socket._writeGeneric (node:net:863:11)
    at Socket._write (node:net:875:8)
    at writeOrBuffer (node:internal/streams/writable:392:12)
    at _write (node:internal/streams/writable:333:10)
    at Writable.write (node:internal/streams/writable:337:10)
    at Console.log (/home/gabriela/.cache/firebase/tools/lib/node_modules/winston/lib/winston/transports/console.js:87:23)
    at Console._write (/home/gabriela/.cache/firebase/tools/lib/node_modules/winston-transport/modern.js:103:17)
    at doWrite (/home/gabriela/.cache/firebase/tools/lib/node_modules/winston-transport/node_modules/readable-stream/lib/_stream_writable.js:390:139)
[error] 
[error] Error: An unexpected error has occurred.
[debug] [2025-03-19T22:40:06.860Z] Error: write EIO
    at afterWriteDispatched (node:internal/stream_base_commons:160:15)
    at writeGeneric (node:internal/stream_base_commons:151:3)
    at Socket._writeGeneric (node:net:863:11)
    at Socket._write (node:net:875:8)
    at writeOrBuffer (node:internal/streams/writable:392:12)
    at _write (node:internal/streams/writable:333:10)
    at Writable.write (node:internal/streams/writable:337:10)
    at Console.log (/home/gabriela/.cache/firebase/tools/lib/node_modules/winston/lib/winston/transports/console.js:87:23)
    at Console._write (/home/gabriela/.cache/firebase/tools/lib/node_modules/winston-transport/modern.js:103:17)
    at doWrite (/home/gabriela/.cache/firebase/tools/lib/node_modules/winston-transport/node_modules/readable-stream/lib/_stream_writable.js:390:139)
[error] 
[error] Error: An unexpected error has occurred.
[debug] [2025-03-19T22:40:06.861Z] Error: write EIO
    at afterWriteDispatched (node:internal/stream_base_commons:160:15)
    at writeGeneric (node:internal/stream_base_commons:151:3)
    at Socket._writeGeneric (node:net:863:11)
    at Socket._write (node:net:875:8)
    at writeOrBuffer (node:internal/streams/writable:392:12)
    at _write (node:internal/streams/writable:333:10)
    at Writable.write (node:internal/streams/writable:337:10)
    at Console.log (/home/gabriela/.cache/firebase/tools/lib/node_modules/winston/lib/winston/transports/console.js:87:23)
    at Console._write (/home/gabriela/.cache/firebase/tools/lib/node_modules/winston-transport/modern.js:103:17)
    at doWrite (/home/gabriela/.cache/firebase/tools/lib/node_modules/winston-transport/node_modules/readable-stream/lib/_stream_writable.js:390:139)
[error] 
[error] Error: An unexpected error has occurred.
[debug] [2025-03-19T22:40:06.861Z] Error: write EIO
    at afterWriteDispatched (node:internal/stream_base_commons:160:15)
    at writeGeneric (node:internal/stream_base_commons:151:3)
    at Socket._writeGeneric (node:net:863:11)
    at Socket._write (node:net:875:8)
    at writeOrBuffer (node:internal/streams/writable:392:12)
    at _write (node:internal/streams/writable:333:10)
    at Writable.write (node:internal/streams/writable:337:10)
    at Console.log (/home/gabriela/.cache/firebase/tools/lib/node_modules/winston/lib/winston/transports/console.js:87:23)
    at Console._write (/home/gabriela/.cache/firebase/tools/lib/node_modules/winston-transport/modern.js:103:17)
    at doWrite (/home/gabriela/.cache/firebase/tools/lib/node_modules/winston-transport/node_modules/readable-stream/lib/_stream_writable.js:390:139)
[error] 
[error] Error: An unexpected error has occurred.
[debug] [2025-03-19T22:40:06.862Z] Error: write EIO
    at afterWriteDispatched (node:internal/stream_base_commons:160:15)
    at writeGeneric (node:internal/stream_base_commons:151:3)
    at Socket._writeGeneric (node:net:863:11)
    at Socket._write (node:net:875:8)
    at writeOrBuffer (node:internal/streams/writable:392:12)
    at _write (node:internal/streams/writable:333:10)
    at Writable.write (node:internal/streams/writable:337:10)
    at Console.log (/home/gabriela/.cache/firebase/tools/lib/node_modules/winston/lib/winston/transports/console.js:87:23)
    at Console._write (/home/gabriela/.cache/firebase/tools/lib/node_modules/winston-transport/modern.js:103:17)
    at doWrite (/home/gabriela/.cache/firebase/tools/lib/node_modules/winston-transport/node_modules/readable-stream/lib/_stream_writable.js:390:139)
[error] 
[error] Error: An unexpected error has occurred.
